[0m02:23:13.583272 [debug] [MainThread]: Sending event: {'category': 'dbt', 'action': 'invocation', 'label': 'start', 'context': [<snowplow_tracker.self_describing_json.SelfDescribingJson object at 0x0000025F66106CC0>, <snowplow_tracker.self_describing_json.SelfDescribingJson object at 0x0000025F665E28A0>, <snowplow_tracker.self_describing_json.SelfDescribingJson object at 0x0000025F66A988C0>]}


============================== 02:23:13.603116 | 57e9df2d-bba2-4df6-8e23-daa1a8b0d71d ==============================
[0m02:23:13.603116 [info ] [MainThread]: Running with dbt=1.11.7
[0m02:23:13.603116 [debug] [MainThread]: running dbt with arguments {'version_check': 'True', 'no_print': 'None', 'static_parser': 'True', 'target_path': 'None', 'warn_error_options': 'WarnErrorOptionsV2(error=[], warn=[], silence=[])', 'printer_width': '80', 'write_json': 'True', 'introspect': 'True', 'log_cache_events': 'False', 'empty': 'None', 'cache_selected_only': 'False', 'log_format': 'default', 'debug': 'False', 'fail_fast': 'False', 'partial_parse': 'True', 'send_anonymous_usage_stats': 'True', 'quiet': 'False', 'warn_error': 'None', 'profiles_dir': 'C:\\Users\\samaw\\.dbt', 'invocation_command': 'dbt init datawarehouse', 'indirect_selection': 'eager', 'use_colors': 'True', 'use_experimental_parser': 'False', 'log_path': 'logs'}
[0m02:23:13.627093 [info ] [MainThread]: Creating dbt configuration folder at C:\Users\samaw\.dbt
[0m02:23:13.636836 [debug] [MainThread]: Starter project path: C:\Users\samaw\AppData\Local\Programs\Python\Python312\Lib\site-packages\dbt\include\starter_project
[0m02:23:13.654537 [info ] [MainThread]: 
Your new dbt project "datawarehouse" was created!

For more information on how to configure the profiles.yml file,
please consult the dbt documentation here:

  https://docs.getdbt.com/docs/configure-your-profile

One more thing:

Need help? Don't hesitate to reach out to us via GitHub issues or on Slack:

  https://community.getdbt.com/

Happy modeling!

[0m02:23:13.654537 [info ] [MainThread]: Setting up your profile.
[0m02:27:58.308717 [info ] [MainThread]: Profile datawarehouse written to C:\Users\samaw\.dbt\profiles.yml using target's profile_template.yml and your supplied values. Run 'dbt debug' to validate the connection.
[0m02:27:58.308717 [debug] [MainThread]: Command `dbt init` succeeded at 02:27:58.308717 after 284.95 seconds
[0m02:27:58.308717 [debug] [MainThread]: Sending event: {'category': 'dbt', 'action': 'invocation', 'label': 'end', 'context': [<snowplow_tracker.self_describing_json.SelfDescribingJson object at 0x0000025F66380380>, <snowplow_tracker.self_describing_json.SelfDescribingJson object at 0x0000025F687FB260>, <snowplow_tracker.self_describing_json.SelfDescribingJson object at 0x0000025F687FB5F0>]}
[0m02:27:58.308717 [debug] [MainThread]: Flushing usage events
[0m02:27:59.655906 [debug] [MainThread]: An error was encountered while trying to flush usage events
